2017-11-23 05:42:10 +0000 [MT] Initial pipeline context: <IDEDistributionProcessingPipelineContext: 0x7f8d69920000; archive(resolved)='<IDEArchive: 0x7f8d6971c310>', distributionTask(resolved)='2', distributionMethod(resolved)='<IDEDistributionMethodiOSEnterprise: 0x7f8d6954d600>', team(resolved)='<IDEProvisioningBasicTeam 0x7f8d696c8a20: teamID: 36PUU93BJ2, teamName: Beijing Kingsoft Cloud Network Technology Corporation Limited>'>
	Chain (11, self inclusive):
	<IDEDistributionProcessingPipelineContext: 0x7f8d69920000; archive = '<IDEArchive: 0x7f8d6971c310>', distributionMethod='<IDEDistributionMethodiOSEnterprise: 0x7f8d6954d600>', team='<IDEProvisioningBasicTeam 0x7f8d696c8a20: teamID: 36PUU93BJ2, teamName: Beijing Kingsoft Cloud Network Technology Corporation Limited>'>
	<IDEDistributionProcessingPipelineContext: 0x7f8d696f48b0; archive = '<IDEArchive: 0x7f8d6971c310>', distributionMethod='<IDEDistributionMethodiOSEnterprise: 0x7f8d6954d600>', team='<IDEProvisioningBasicTeam 0x7f8d696c8a20: teamID: 36PUU93BJ2, teamName: Beijing Kingsoft Cloud Network Technology Corporation Limited>'>
	<IDEDistributionContext: 0x7f8d696f4770; archive = '<IDEArchive: 0x7f8d6971c310>', distributionMethod='<IDEDistributionMethodiOSEnterprise: 0x7f8d6954d600>', team='<IDEProvisioningBasicTeam 0x7f8d696c8a20: teamID: 36PUU93BJ2, teamName: Beijing Kingsoft Cloud Network Technology Corporation Limited>'>
	<IDEDistributionContext: 0x7f8d696deb80; archive = '<IDEArchive: 0x7f8d6971c310>', distributionMethod='<IDEDistributionMethodiOSEnterprise: 0x7f8d6954d600>', team='<IDEProvisioningBasicTeam 0x7f8d696c8a20: teamID: 36PUU93BJ2, teamName: Beijing Kingsoft Cloud Network Technology Corporation Limited>'>
	<IDEDistributionContext: 0x7f8d696dd4c0; archive = '<IDEArchive: 0x7f8d6971c310>', distributionMethod='<IDEDistributionMethodiOSEnterprise: 0x7f8d6954d600>', team='<IDEProvisioningBasicTeam 0x7f8d696c8a20: teamID: 36PUU93BJ2, teamName: Beijing Kingsoft Cloud Network Technology Corporation Limited>'>
	<IDEDistributionContext: 0x7f8d696dcd00; archive = '<IDEArchive: 0x7f8d6971c310>', distributionMethod='<IDEDistributionMethodiOSEnterprise: 0x7f8d6954d600>', team='<IDEProvisioningBasicTeam 0x7f8d696c8a20: teamID: 36PUU93BJ2, teamName: Beijing Kingsoft Cloud Network Technology Corporation Limited>'>
	<IDEDistributionContext: 0x7f8d696dc420; archive = '<IDEArchive: 0x7f8d6971c310>', distributionMethod='<IDEDistributionMethodiOSEnterprise: 0x7f8d6954d600>', team='<IDEProvisioningBasicTeam 0x7f8d696c8a20: teamID: 36PUU93BJ2, teamName: Beijing Kingsoft Cloud Network Technology Corporation Limited>'>
	<IDEDistributionContext: 0x7f8d696dbb80; archive = '<IDEArchive: 0x7f8d6971c310>', distributionMethod='<IDEDistributionMethodiOSEnterprise: 0x7f8d6954d600>', team='<IDEProvisioningBasicTeam 0x7f8d696c8a20: teamID: 36PUU93BJ2, teamName: Beijing Kingsoft Cloud Network Technology Corporation Limited>'>
	<IDEDistributionContext: 0x7f8d696709e0; archive = '<IDEArchive: 0x7f8d6971c310>', distributionMethod='<IDEDistributionMethodiOSEnterprise: 0x7f8d6954d600>', team='<IDEProvisioningBasicTeam 0x7f8d696c8a20: teamID: 36PUU93BJ2, teamName: Beijing Kingsoft Cloud Network Technology Corporation Limited>'>
	<IDEDistributionContext: 0x7f8d695392d0; archive = '<IDEArchive: 0x7f8d6971c310>', distributionMethod='<IDEDistributionMethodiOSEnterprise: 0x7f8d6954d600>', team='(null)'>
	<IDEDistributionContext: 0x7f8d6971cac0; archive = '<IDEArchive: 0x7f8d6971c310>', distributionMethod='(null)', team='(null)'>
</IDEDistributionProcessingPipelineContext: 0x7f8d69920000>
2017-11-23 05:42:10 +0000 [MT] Processing step: IDEDistributionCreateDestRootStep
2017-11-23 05:42:10 +0000 [MT] Processing step: IDEDistributionCopyItemStep
2017-11-23 05:42:10 +0000 [MT] Running /usr/bin/ditto '-V' '/Users/ivermissdich/Desktop/KSY/KSYShortVideo/demo/archiveDir.xcarchive/Products/Applications/demo.app' '/var/folders/22/2g0vk92j4dd8vdhxcvjn0kd80000gn/T/XcodeDistPipeline.KEF/Root/Payload/demo.app'
2017-11-23 05:42:10 +0000  >>> Copying /Users/ivermissdich/Desktop/KSY/KSYShortVideo/demo/archiveDir.xcarchive/Products/Applications/demo.app 
2017-11-23 05:42:10 +0000  copying file ./_CodeSignature/CodeResources ... 
2017-11-23 05:42:10 +0000  54986 bytes for ./_CodeSignature/CodeResources
2017-11-23 05:42:10 +0000  copying file ./demo ... 
2017-11-23 05:42:10 +0000  26190592 bytes for ./demo
2017-11-23 05:42:10 +0000  copying file ./OutputConfigCell.nib ... 
4741 bytes for ./OutputConfigCell.nib
copying file ./dynamic_image1.gif ... 
137754 bytes for ./dynamic_image1.gif
2017-11-23 05:42:10 +0000  copying file ./CTAssetsPickerController.bundle/de.lproj/CTAssetsPicker.strings ... 
2017-11-23 05:42:10 +0000  1718 bytes for ./CTAssetsPickerController.bundle/de.lproj/CTAssetsPicker.strings
2017-11-23 05:42:10 +0000  copying file ./CTAssetsPickerController.bundle/he.lproj/CTAssetsPicker.strings ... 
2017-11-23 05:42:10 +0000  1979 bytes for ./CTAssetsPickerController.bundle/he.lproj/CTAssetsPicker.strings
2017-11-23 05:42:10 +0000  copying file ./CTAssetsPickerController.bundle/ar.lproj/CTAssetsPicker.strings ... 
2017-11-23 05:42:10 +0000  1935 bytes for ./CTAssetsPickerController.bundle/ar.lproj/CTAssetsPicker.strings
2017-11-23 05:42:10 +0000  copying file ./CTAssetsPickerController.bundle/zh-Hans.lproj/CTAssetsPicker.strings ... 
2017-11-23 05:42:10 +0000  1650 bytes for ./CTAssetsPickerController.bundle/zh-Hans.lproj/CTAssetsPicker.strings
2017-11-23 05:42:10 +0000  copying file ./CTAssetsPickerController.bundle/ja.lproj/CTAssetsPicker.strings ... 
2017-11-23 05:42:10 +0000  2002 bytes for ./CTAssetsPickerController.bundle/ja.lproj/CTAssetsPicker.strings
2017-11-23 05:42:10 +0000  copying file ./CTAssetsPickerController.bundle/en.lproj/CTAssetsPicker.strings ... 
2017-11-23 05:42:10 +0000  1621 bytes for ./CTAssetsPickerController.bundle/en.lproj/CTAssetsPicker.strings
2017-11-23 05:42:10 +0000  copying file ./CTAssetsPickerController.bundle/es.lproj/CTAssetsPicker.strings ... 
2017-11-23 05:42:10 +0000  1692 bytes for ./CTAssetsPickerController.bundle/es.lproj/CTAssetsPicker.strings
2017-11-23 05:42:10 +0000  copying file ./CTAssetsPickerController.bundle/da.lproj/CTAssetsPicker.strings ... 
2017-11-23 05:42:10 +0000  1661 bytes for ./CTAssetsPickerController.bundle/da.lproj/CTAssetsPicker.strings
2017-11-23 05:42:10 +0000  copying file ./CTAssetsPickerController.bundle/it.lproj/CTAssetsPicker.strings ... 
2017-11-23 05:42:10 +0000  1653 bytes for ./CTAssetsPickerController.bundle/it.lproj/CTAssetsPicker.strings
2017-11-23 05:42:10 +0000  copying file ./CTAssetsPickerController.bundle/sv.lproj/CTAssetsPicker.strings ... 
2017-11-23 05:42:10 +0000  1637 bytes for ./CTAssetsPickerController.bundle/sv.lproj/CTAssetsPicker.strings
2017-11-23 05:42:10 +0000  copying file ./CTAssetsPickerController.bundle/ko.lproj/CTAssetsPicker.strings ... 
2017-11-23 05:42:10 +0000  1806 bytes for ./CTAssetsPickerController.bundle/ko.lproj/CTAssetsPicker.strings
2017-11-23 05:42:10 +0000  copying file ./CTAssetsPickerController.bundle/zh-Hant.lproj/CTAssetsPicker.strings ... 
2017-11-23 05:42:10 +0000  1623 bytes for ./CTAssetsPickerController.bundle/zh-Hant.lproj/CTAssetsPicker.strings
2017-11-23 05:42:10 +0000  copying file ./CTAssetsPickerController.bundle/hu.lproj/CTAssetsPicker.strings ... 
2017-11-23 05:42:10 +0000  1693 bytes for ./CTAssetsPickerController.bundle/hu.lproj/CTAssetsPicker.strings
2017-11-23 05:42:10 +0000  copying file ./CTAssetsPickerController.bundle/hi-IN.lproj/CTAssetsPicker.strings ... 
2017-11-23 05:42:10 +0000  2398 bytes for ./CTAssetsPickerController.bundle/hi-IN.lproj/CTAssetsPicker.strings
2017-11-23 05:42:10 +0000  copying file ./CTAssetsPickerController.bundle/nl-NL.lproj/CTAssetsPicker.strings ... 
2017-11-23 05:42:10 +0000  1697 bytes for ./CTAssetsPickerController.bundle/nl-NL.lproj/CTAssetsPicker.strings
2017-11-23 05:42:10 +0000  copying file ./CTAssetsPickerController.bundle/es-MX.lproj/CTAssetsPicker.strings ... 
2017-11-23 05:42:10 +0000  1618 bytes for ./CTAssetsPickerController.bundle/es-MX.lproj/CTAssetsPicker.strings
2017-11-23 05:42:10 +0000  copying file ./CTAssetsPickerController.bundle/ru.lproj/CTAssetsPicker.strings ... 
2017-11-23 05:42:10 +0000  2185 bytes for ./CTAssetsPickerController.bundle/ru.lproj/CTAssetsPicker.strings
2017-11-23 05:42:10 +0000  copying file ./CTAssetsPickerController.bundle/fr.lproj/CTAssetsPicker.strings ... 
2017-11-23 05:42:10 +0000  1779 bytes for ./CTAssetsPickerController.bundle/fr.lproj/CTAssetsPicker.strings
2017-11-23 05:42:10 +0000  copying file ./CTAssetsPickerController.bundle/fi.lproj/CTAssetsPicker.strings ... 
2017-11-23 05:42:10 +0000  1620 bytes for ./CTAssetsPickerController.bundle/fi.lproj/CTAssetsPicker.strings
2017-11-23 05:42:10 +0000  copying file ./CTAssetsPickerController.bundle/id.lproj/CTAssetsPicker.strings ... 
2017-11-23 05:42:10 +0000  1634 bytes for ./CTAssetsPickerController.bundle/id.lproj/CTAssetsPicker.strings
2017-11-23 05:42:10 +0000  copying file ./CTAssetsPickerController.bundle/nl.lproj/CTAssetsPicker.strings ... 
2017-11-23 05:42:10 +0000  1697 bytes for ./CTAssetsPickerController.bundle/nl.lproj/CTAssetsPicker.strings
2017-11-23 05:42:10 +0000  copying file ./CTAssetsPickerController.bundle/pt.lproj/CTAssetsPicker.strings ... 
2017-11-23 05:42:10 +0000  1694 bytes for ./CTAssetsPickerController.bundle/pt.lproj/CTAssetsPicker.strings
2017-11-23 05:42:10 +0000  copying file ./CTAssetsPickerController.bundle/pt-PT.lproj/CTAssetsPicker.strings ... 
2017-11-23 05:42:10 +0000  1667 bytes for ./CTAssetsPickerController.bundle/pt-PT.lproj/CTAssetsPicker.strings
2017-11-23 05:42:10 +0000  copying file ./CTAssetsPickerController.bundle/Info.plist ... 
2017-11-23 05:42:10 +0000  744 bytes for ./CTAssetsPickerController.bundle/Info.plist
2017-11-23 05:42:10 +0000  copying file ./lookup_soft_elegance_2.png ... 
2017-11-23 05:42:10 +0000  2199 bytes for ./lookup_soft_elegance_2.png
copying file ./AppIcon20x20@2x.png ... 
2017-11-23 05:42:10 +0000  1588 bytes for ./AppIcon20x20@2x.png
copying file ./ScreeRotateViewController.nib ... 
2017-11-23 05:42:10 +0000  2649 bytes for ./ScreeRotateViewController.nib
copying file ./dynamic_image2.gif ... 
2017-11-23 05:42:10 +0000  144478 bytes for ./dynamic_image2.gif
copying file ./KSYRecordViewController.nib ... 
2017-11-23 05:42:10 +0000  12321 bytes for ./KSYRecordViewController.nib
2017-11-23 05:42:10 +0000  copying file ./lookup_soft_elegance_1.png ... 
2017-11-23 05:42:10 +0000  129208 bytes for ./lookup_soft_elegance_1.png
2017-11-23 05:42:10 +0000  copying file ./dynamic_image3.gif ... 
2017-11-23 05:42:10 +0000  32944 bytes for ./dynamic_image3.gif
2017-11-23 05:42:10 +0000  copying file ./AppIcon57x57.png ... 
2017-11-23 05:42:10 +0000  1559 bytes for ./AppIcon57x57.png
copying file ./KSYFilterCell.nib ... 
2017-11-23 05:42:10 +0000  1698 bytes for ./KSYFilterCell.nib
copying file ./KSYEditAnimateImageCell.nib ... 
2017-11-23 05:42:10 +0000  1682 bytes for ./KSYEditAnimateImageCell.nib
copying file ./KSYEditWatermarkCell.nib ... 
2017-11-23 05:42:10 +0000  2153 bytes for ./KSYEditWatermarkCell.nib
copying file ./AppIcon20x20@3x.png ... 
2017-11-23 05:42:10 +0000  1699 bytes for ./AppIcon20x20@3x.png
copying file ./KSYBeautyFilterCell.nib ... 
2017-11-23 05:42:10 +0000  1784 bytes for ./KSYBeautyFilterCell.nib
2017-11-23 05:42:10 +0000  copying file ./KSYEditMVCell.nib ... 
2017-11-23 05:42:10 +0000  2301 bytes for ./KSYEditMVCell.nib
copying file ./KSYEditBGMCell.nib ... 
2017-11-23 05:42:10 +0000  3959 bytes for ./KSYEditBGMCell.nib
2017-11-23 05:42:10 +0000  copying file ./LICENSE ... 
2017-11-23 05:42:10 +0000  1076 bytes for ./LICENSE
copying file ./dynamic_image4.gif ... 
2017-11-23 05:42:10 +0000  31702 bytes for ./dynamic_image4.gif
2017-11-23 05:42:10 +0000  copying file ./KSYEditViewController.nib ... 
2017-11-23 05:42:10 +0000  4262 bytes for ./KSYEditViewController.nib
2017-11-23 05:42:10 +0000  copying file ./AppIcon29x29.png ... 
2017-11-23 05:42:10 +0000  1190 bytes for ./AppIcon29x29.png
copying file ./lookup.png ... 
2017-11-23 05:42:10 +0000  2095 bytes for ./lookup.png
copying file ./dynamic_image5.gif ... 
2017-11-23 05:42:10 +0000  66792 bytes for ./dynamic_image5.gif
copying file ./Immortals_out.mp3 ... 
2017-11-23 05:42:10 +0000  3642216 bytes for ./Immortals_out.mp3
copying file ./action3.3.0.model ... 
2017-11-23 05:42:10 +0000  4208656 bytes for ./action3.3.0.model
copying file ./dynamic_image8.png ... 
2017-11-23 05:42:10 +0000  121416 bytes for ./dynamic_image8.png
copying file ./AppIcon60x60@2x.png ... 
2017-11-23 05:42:10 +0000  3469 bytes for ./AppIcon60x60@2x.png
copying file ./dynamic_image9.png ... 
2017-11-23 05:42:10 +0000  113139 bytes for ./dynamic_image9.png
copying file ./mv-101.zip ... 
2017-11-23 05:42:10 +0000  541150 bytes for ./mv-101.zip
copying file ./KSYInputCfgCell.nib ... 
2017-11-23 05:42:10 +0000  4852 bytes for ./KSYInputCfgCell.nib
copying file ./KSYEditTimesCell.nib ... 
2017-11-23 05:42:10 +0000  2322 bytes for ./KSYEditTimesCell.nib
copying file ./AppIcon72x72@2x~ipad.png ... 
2017-11-23 05:42:10 +0000  4063 bytes for ./AppIcon72x72@2x~ipad.png
2017-11-23 05:42:10 +0000  copying file ./KSYRecordVoiceChangeCell.nib ... 
2017-11-23 05:42:10 +0000  1826 bytes for ./KSYRecordVoiceChangeCell.nib
copying file ./AppIcon29x29@2x.png ... 
2017-11-23 05:42:10 +0000  1736 bytes for ./AppIcon29x29@2x.png
copying file ./KSYEditStickerCollectionViewCell.nib ... 
2017-11-23 05:42:10 +0000  1473 bytes for ./KSYEditStickerCollectionViewCell.nib
copying file ./lookup_amatorka.png ... 
2017-11-23 05:42:10 +0000  36390 bytes for ./lookup_amatorka.png
copying file ./mv-103.zip ... 
2017-11-23 05:42:10 +0000  263483 bytes for ./mv-103.zip
copying file ./Hotel_California_out2.mp3 ... 
2017-11-23 05:42:10 +0000  3641183 bytes for ./Hotel_California_out2.mp3
copying file ./AppIcon40x40@3x.png ... 
2017-11-23 05:42:10 +0000  3469 bytes for ./AppIcon40x40@3x.png
copying file ./mv-102.zip ... 
259330 bytes for ./mv-102.zip
copying file ./AppIcon57x57@2x.png ... 
3669 bytes for ./AppIcon57x57@2x.png
copying file ./TZImagePickerController.bundle/takePicture@2x.png ... 
5924 bytes for ./TZImagePickerController.bundle/takePicture@2x.png
copying file ./TZImagePickerController.bundle/zh-Hans.lproj/Localizable.strings ... 
2017-11-23 05:42:10 +0000  1902 bytes for ./TZImagePickerController.bundle/zh-Hans.lproj/Localizable.strings
copying file ./TZImagePickerController.bundle/photo_sel_photoPickerVc@2x.png ... 
2017-11-23 05:42:10 +0000  1006 bytes for ./TZImagePickerController.bundle/photo_sel_photoPickerVc@2x.png
2017-11-23 05:42:10 +0000  copying file ./TZImagePickerController.bundle/en.lproj/Localizable.strings ... 
2594 bytes for ./TZImagePickerController.bundle/en.lproj/Localizable.strings
copying file ./TZImagePickerController.bundle/MMVideoPreviewPlayHL@2x.png ... 
2017-11-23 05:42:10 +0000  3645 bytes for ./TZImagePickerController.bundle/MMVideoPreviewPlayHL@2x.png
copying file ./TZImagePickerController.bundle/photo_sel_previewVc@2x.png ... 
2017-11-23 05:42:10 +0000  1183 bytes for ./TZImagePickerController.bundle/photo_sel_previewVc@2x.png
2017-11-23 05:42:10 +0000  copying file ./TZImagePickerController.bundle/MMVideoPreviewPlay@2x.png ... 
2017-11-23 05:42:10 +0000  3645 bytes for ./TZImagePickerController.bundle/MMVideoPreviewPlay@2x.png
copying file ./TZImagePickerController.bundle/preview_original_def@2x.png ... 
2017-11-23 05:42:10 +0000  392 bytes for ./TZImagePickerController.bundle/preview_original_def@2x.png
2017-11-23 05:42:10 +0000  copying file ./TZImagePickerController.bundle/photo_def_previewVc@2x.png ... 
2017-11-23 05:42:10 +0000  1155 bytes for ./TZImagePickerController.bundle/photo_def_previewVc@2x.png
2017-11-23 05:42:10 +0000  copying file ./TZImagePickerController.bundle/photo_original_sel@2x.png ... 
2017-11-23 05:42:10 +0000  620 bytes for ./TZImagePickerController.bundle/photo_original_sel@2x.png
copying file ./TZImagePickerController.bundle/photo_def_photoPickerVc@2x.png ... 
2017-11-23 05:42:10 +0000  1155 bytes for ./TZImagePickerController.bundle/photo_def_photoPickerVc@2x.png
2017-11-23 05:42:10 +0000  copying file ./TZImagePickerController.bundle/preview_number_icon@2x.png ... 
2017-11-23 05:42:10 +0000  501 bytes for ./TZImagePickerController.bundle/preview_number_icon@2x.png
copying file ./TZImagePickerController.bundle/navi_back@2x.png ... 
2017-11-23 05:42:10 +0000  116 bytes for ./TZImagePickerController.bundle/navi_back@2x.png
2017-11-23 05:42:10 +0000  copying file ./TZImagePickerController.bundle/photo_original_def@2x.png ... 
2017-11-23 05:42:10 +0000  1602 bytes for ./TZImagePickerController.bundle/photo_original_def@2x.png
2017-11-23 05:42:10 +0000  copying file ./TZImagePickerController.bundle/Root.plist ... 
2017-11-23 05:42:10 +0000  1456 bytes for ./TZImagePickerController.bundle/Root.plist
copying file ./TZImagePickerController.bundle/photo_number_icon@2x.png ... 
2017-11-23 05:42:10 +0000  501 bytes for ./TZImagePickerController.bundle/photo_number_icon@2x.png
copying file ./TZImagePickerController.bundle/VideoSendIcon@2x.png ... 
2017-11-23 05:42:10 +0000  223 bytes for ./TZImagePickerController.bundle/VideoSendIcon@2x.png
2017-11-23 05:42:10 +0000  copying file ./AppIcon29x29~ipad.png ... 
2017-11-23 05:42:10 +0000  1190 bytes for ./AppIcon29x29~ipad.png
copying file ./AppIcon40x40@2x.png ... 
2017-11-23 05:42:10 +0000  2232 bytes for ./AppIcon40x40@2x.png
2017-11-23 05:42:10 +0000  copying file ./KSYTransTagCell.nib ... 
2017-11-23 05:42:10 +0000  1295 bytes for ./KSYTransTagCell.nib
2017-11-23 05:42:10 +0000  copying file ./KSYEditVideoTrimCell.nib ... 
2017-11-23 05:42:10 +0000  4193 bytes for ./KSYEditVideoTrimCell.nib
2017-11-23 05:42:10 +0000  copying file ./KSYInputCfgViewController.nib/objects-11.0+.nib ... 
2017-11-23 05:42:10 +0000  2883 bytes for ./KSYInputCfgViewController.nib/objects-11.0+.nib
2017-11-23 05:42:10 +0000  copying file ./KSYInputCfgViewController.nib/runtime.nib ... 
2017-11-23 05:42:10 +0000  3012 bytes for ./KSYInputCfgViewController.nib/runtime.nib
copying file ./AppIcon29x29@3x.png ... 
2017-11-23 05:42:10 +0000  2600 bytes for ./AppIcon29x29@3x.png
copying file ./AppIcon60x60@3x.png ... 
2017-11-23 05:42:10 +0000  6023 bytes for ./AppIcon60x60@3x.png
2017-11-23 05:42:10 +0000  copying file ./KSYDynamicEffectCell.nib ... 
2017-11-23 05:42:10 +0000  1163 bytes for ./KSYDynamicEffectCell.nib
2017-11-23 05:42:10 +0000  copying file ./Base.lproj/Main.storyboardc/UINavigationController-M7D-sG-mza.nib ... 
2017-11-23 05:42:10 +0000  1690 bytes for ./Base.lproj/Main.storyboardc/UINavigationController-M7D-sG-mza.nib
copying file ./Base.lproj/Main.storyboardc/BYZ-38-t0r-view-8bC-Xf-vdC.nib ... 
2017-11-23 05:42:10 +0000  6799 bytes for ./Base.lproj/Main.storyboardc/BYZ-38-t0r-view-8bC-Xf-vdC.nib
copying file ./Base.lproj/Main.storyboardc/Info.plist ... 
2017-11-23 05:42:10 +0000  276 bytes for ./Base.lproj/Main.storyboardc/Info.plist
2017-11-23 05:42:10 +0000  copying file ./Base.lproj/LaunchScreen.storyboardc/01J-lp-oVM-view-Ze5-6b-2t3.nib ... 
2017-11-23 05:42:10 +0000  2254 bytes for ./Base.lproj/LaunchScreen.storyboardc/01J-lp-oVM-view-Ze5-6b-2t3.nib
2017-11-23 05:42:10 +0000  copying file ./Base.lproj/LaunchScreen.storyboardc/UIViewController-01J-lp-oVM.nib ... 
2017-11-23 05:42:10 +0000  832 bytes for ./Base.lproj/LaunchScreen.storyboardc/UIViewController-01J-lp-oVM.nib
copying file ./Base.lproj/LaunchScreen.storyboardc/Info.plist ... 
2017-11-23 05:42:10 +0000  258 bytes for ./Base.lproj/LaunchScreen.storyboardc/Info.plist
copying file ./KSYEditSubtitleCell.nib ... 
2017-11-23 05:42:10 +0000  1843 bytes for ./KSYEditSubtitleCell.nib
2017-11-23 05:42:10 +0000  copying file ./KSYTransitionsCell.nib ... 
2017-11-23 05:42:10 +0000  1488 bytes for ./KSYTransitionsCell.nib
copying file ./archived-expanded-entitlements.xcent ... 
2017-11-23 05:42:10 +0000  388 bytes for ./archived-expanded-entitlements.xcent
2017-11-23 05:42:10 +0000  copying file ./README.md ... 
2017-11-23 05:42:10 +0000  5732 bytes for ./README.md
2017-11-23 05:42:10 +0000  copying file ./KSYPublishViewController.nib ... 
2017-11-23 05:42:10 +0000  2480 bytes for ./KSYPublishViewController.nib
copying file ./KSYCfgViewController.nib ... 
2017-11-23 05:42:10 +0000  3745 bytes for ./KSYCfgViewController.nib
2017-11-23 05:42:10 +0000  copying file ./KSYFilterCollectionViewCell.nib ... 
2017-11-23 05:42:10 +0000  2371 bytes for ./KSYFilterCollectionViewCell.nib
copying file ./Assets.car ... 
2017-11-23 05:42:10 +0000  8589096 bytes for ./Assets.car
copying file ./AppIcon40x40@2x~ipad.png ... 
2017-11-23 05:42:10 +0000  2232 bytes for ./AppIcon40x40@2x~ipad.png
2017-11-23 05:42:10 +0000  copying file ./KSYPlayViewController.nib ... 
2017-11-23 05:42:10 +0000  1775 bytes for ./KSYPlayViewController.nib
2017-11-23 05:42:10 +0000  copying file ./KSYRecordReverbCell.nib ... 
2017-11-23 05:42:10 +0000  1841 bytes for ./KSYRecordReverbCell.nib
copying file ./AppIcon76x76@2x~ipad.png ... 
2017-11-23 05:42:10 +0000  4565 bytes for ./AppIcon76x76@2x~ipad.png
copying file ./KSYPreEditViewController.nib ... 
2017-11-23 05:42:10 +0000  3061 bytes for ./KSYPreEditViewController.nib
2017-11-23 05:42:10 +0000  copying file ./AppIcon72x72~ipad.png ... 
2017-11-23 05:42:10 +0000  2120 bytes for ./AppIcon72x72~ipad.png
copying file ./dynamic_image7.png ... 
2017-11-23 05:42:10 +0000  164319 bytes for ./dynamic_image7.png
2017-11-23 05:42:10 +0000  copying file ./dynamic_image6.png ... 
2017-11-23 05:42:10 +0000  20383 bytes for ./dynamic_image6.png
copying file ./AppIcon83.5x83.5@2x~ipad.png ... 
2017-11-23 05:42:10 +0000  6259 bytes for ./AppIcon83.5x83.5@2x~ipad.png
2017-11-23 05:42:10 +0000  copying file ./KSYEditStickerCell.nib ... 
2017-11-23 05:42:10 +0000  1779 bytes for ./KSYEditStickerCell.nib
2017-11-23 05:42:10 +0000  copying file ./dynamic_image10.png ... 
2017-11-23 05:42:10 +0000  68128 bytes for ./dynamic_image10.png
copying file ./ReLogViewController.nib ... 
2017-11-23 05:42:10 +0000  949 bytes for ./ReLogViewController.nib
copying file ./KSYRecordAECommonCell.nib ... 
2017-11-23 05:42:10 +0000  2342 bytes for ./KSYRecordAECommonCell.nib
copying file ./AppIcon29x29@2x~ipad.png ... 
2017-11-23 05:42:10 +0000  1736 bytes for ./AppIcon29x29@2x~ipad.png
2017-11-23 05:42:10 +0000  copying file ./AppIcon50x50@2x~ipad.png ... 
2017-11-23 05:42:10 +0000  2911 bytes for ./AppIcon50x50@2x~ipad.png
copying file ./AppIcon40x40~ipad.png ... 
2017-11-23 05:42:10 +0000  1588 bytes for ./AppIcon40x40~ipad.png
2017-11-23 05:42:10 +0000  copying file ./KSYGPUResource.bundle/1_xiaoqingxin.png ... 
2017-11-23 05:42:10 +0000  182060 bytes for ./KSYGPUResource.bundle/1_xiaoqingxin.png
2017-11-23 05:42:10 +0000  copying file ./KSYGPUResource.bundle/11_hongrun.png ... 
2017-11-23 05:42:10 +0000  115071 bytes for ./KSYGPUResource.bundle/11_hongrun.png
2017-11-23 05:42:10 +0000  copying file ./KSYGPUResource.bundle/6_laozhaop.png ... 
2017-11-23 05:42:10 +0000  121036 bytes for ./KSYGPUResource.bundle/6_laozhaop.png
copying file ./KSYGPUResource.bundle/13_ziran.png ... 
2017-11-23 05:42:10 +0000  76848 bytes for ./KSYGPUResource.bundle/13_ziran.png
copying file ./KSYGPUResource.bundle/0_meibai.png ... 
2017-11-23 05:42:10 +0000  89995 bytes for ./KSYGPUResource.bundle/0_meibai.png
2017-11-23 05:42:10 +0000  copying file ./KSYGPUResource.bundle/3_tianmeikeren.png ... 
2017-11-23 05:42:10 +0000  41585 bytes for ./KSYGPUResource.bundle/3_tianmeikeren.png
copying file ./KSYGPUResource.bundle/0_skinColor.png ... 
2017-11-23 05:42:10 +0000  43997 bytes for ./KSYGPUResource.bundle/0_skinColor.png
copying file ./KSYGPUResource.bundle/0_pink.png ... 
2017-11-23 05:42:10 +0000  138725 bytes for ./KSYGPUResource.bundle/0_pink.png
2017-11-23 05:42:10 +0000  copying file ./KSYGPUResource.bundle/10_yangguang_night.png ... 
2017-11-23 05:42:10 +0000  176774 bytes for ./KSYGPUResource.bundle/10_yangguang_night.png
copying file ./KSYGPUResource.bundle/7_yinghua.png ... 
2017-11-23 05:42:10 +0000  217107 bytes for ./KSYGPUResource.bundle/7_yinghua.png
copying file ./KSYGPUResource.bundle/2_liangli.png ... 
2017-11-23 05:42:10 +0000  52403 bytes for ./KSYGPUResource.bundle/2_liangli.png
copying file ./KSYGPUResource.bundle/0_hongrun2.png ... 
2017-11-23 05:42:10 +0000  114981 bytes for ./KSYGPUResource.bundle/0_hongrun2.png
copying file ./KSYGPUResource.bundle/4_huaijiu.png ... 
2017-11-23 05:42:10 +0000  29143 bytes for ./KSYGPUResource.bundle/4_huaijiu.png
copying file ./KSYGPUResource.bundle/12_yangguang.png ... 
2017-11-23 05:42:10 +0000  183876 bytes for ./KSYGPUResource.bundle/12_yangguang.png
copying file ./KSYGPUResource.bundle/8_yinghua_night.png ... 
2017-11-23 05:42:10 +0000  209911 bytes for ./KSYGPUResource.bundle/8_yinghua_night.png
2017-11-23 05:42:10 +0000  copying file ./KSYGPUResource.bundle/9_hongrun_night.png ... 
2017-11-23 05:42:10 +0000  109608 bytes for ./KSYGPUResource.bundle/9_hongrun_night.png
copying file ./KSYGPUResource.bundle/5_landiao.png ... 
2017-11-23 05:42:10 +0000  180128 bytes for ./KSYGPUResource.bundle/5_landiao.png
copying file ./KSYGPUResource.bundle/Info.plist ... 
2017-11-23 05:42:10 +0000  886 bytes for ./KSYGPUResource.bundle/Info.plist
2017-11-23 05:42:10 +0000  copying file ./Frameworks/KMCVStab.framework/_CodeSignature/CodeResources ... 
2017-11-23 05:42:10 +0000  2202 bytes for ./Frameworks/KMCVStab.framework/_CodeSignature/CodeResources
2017-11-23 05:42:10 +0000  copying file ./Frameworks/KMCVStab.framework/KMCVStab ... 
2017-11-23 05:42:10 +0000  2049040 bytes for ./Frameworks/KMCVStab.framework/KMCVStab
copying file ./Frameworks/KMCVStab.framework/Info.plist ... 
2017-11-23 05:42:10 +0000  709 bytes for ./Frameworks/KMCVStab.framework/Info.plist
copying file ./AppIcon20x20~ipad.png ... 
812 bytes for ./AppIcon20x20~ipad.png
copying file ./embedded.mobileprovision ... 
2017-11-23 05:42:10 +0000  51149 bytes for ./embedded.mobileprovision
copying file ./TailLeader.mp4 ... 
2017-11-23 05:42:10 +0000  96272 bytes for ./TailLeader.mp4
copying file ./lookup_miss_etikate.png ... 
2017-11-23 05:42:10 +0000  202596 bytes for ./lookup_miss_etikate.png
copying file ./KSYOutputCfgViewController.nib ... 
2017-11-23 05:42:10 +0000  3103 bytes for ./KSYOutputCfgViewController.nib
copying file ./faded_out.mp3 ... 
2017-11-23 05:42:10 +0000  3641086 bytes for ./faded_out.mp3
copying file ./RecordConfigCell.nib ... 
2017-11-23 05:42:10 +0000  4755 bytes for ./RecordConfigCell.nib
copying file ./AppIcon20x20@2x~ipad.png ... 
1588 bytes for ./AppIcon20x20@2x~ipad.png
copying file ./Info.plist ... 
1966 bytes for ./Info.plist
copying file ./PkgInfo ... 
8 bytes for ./PkgInfo
copying file ./KSYBgmCell.nib ... 
2017-11-23 05:42:10 +0000  2307 bytes for ./KSYBgmCell.nib
copying file ./AppIcon76x76~ipad.png ... 
2017-11-23 05:42:10 +0000  2220 bytes for ./AppIcon76x76~ipad.png
2017-11-23 05:42:10 +0000  2017-11-23 05:42:10 +0000  

2017-11-23 05:42:10 +0000 [MT] /usr/bin/ditto exited with 02017-11-23 05:42:10 +0000  

2017-11-23 05:42:10 +0000  2017-11-23 05:42:10 +0000  

2017-11-23 05:42:10 +0000 [MT] Processing step: IDEDistributionEmbedProfileStep
2017-11-23 05:42:10 +0000 [MT] Skipping profile for item: <IDEDistributionItem: 0x7f8d69780fd0 'com.ksyun.mc.KMCVStab' '<DVTFilePath:0x7f8d6976ecc0:'/Users/ivermissdich/Desktop/KSY/KSYShortVideo/demo/archiveDir.xcarchive/Products/Applications/demo.app/Frameworks/KMCVStab.framework'>'>
2017-11-23 05:42:10 +0000 [MT] Processing step: IDEDistributionAppThinningPlistStep
2017-11-23 05:42:10 +0000 [MT] Skipping step: IDEDistributionAppThinningPlistStep because it said so
2017-11-23 05:42:10 +0000 [MT] Processing step: IDEDistributionCompileBitcodeStep
2017-11-23 05:42:10 +0000 [MT] Skipping step: IDEDistributionCompileBitcodeStep because it said so
2017-11-23 05:42:10 +0000 [MT] Processing step: IDEDistributionCodeSlimmingStep
2017-11-23 05:42:10 +0000 [MT] Processing step: IDEDistributionCopyBCSymbolMapsStep
2017-11-23 05:42:10 +0000 [MT] Skipping step: IDEDistributionCopyBCSymbolMapsStep because it said so
2017-11-23 05:42:10 +0000 [MT] Skipping step: IDEDistributionCopyBCSymbolMapsStep because it said so
2017-11-23 05:42:10 +0000 [MT] Processing step: IDEDistributionSymbolsStep
2017-11-23 05:42:10 +0000 [MT] Skipping step: IDEDistributionSymbolsStep because it said so
2017-11-23 05:42:10 +0000 [MT] Skipping step: IDEDistributionSymbolsStep because it said so
2017-11-23 05:42:10 +0000 [MT] Processing step: IDEDistributionAppThinningStep
2017-11-23 05:42:10 +0000 [MT] Skipping step: IDEDistributionAppThinningStep because it said so
2017-11-23 05:42:10 +0000 [MT] Processing step: IDEDistributionODRStep
2017-11-23 05:42:10 +0000 [MT] Processing step: IDEDistributionStripXattrsStep
2017-11-23 05:42:10 +0000 [MT] Skipping stripping extended attributes of item: <IDEDistributionItem: 0x7f8d69780fd0 'com.ksyun.mc.KMCVStab' '<DVTFilePath:0x7f8d6976ecc0:'/Users/ivermissdich/Desktop/KSY/KSYShortVideo/demo/archiveDir.xcarchive/Products/Applications/demo.app/Frameworks/KMCVStab.framework'>'>
2017-11-23 05:42:10 +0000 [MT] Running /usr/bin/xattr '-crs' '/var/folders/22/2g0vk92j4dd8vdhxcvjn0kd80000gn/T/XcodeDistPipeline.KEF/Root/Payload/demo.app'
2017-11-23 05:42:10 +0000  
2017-11-23 05:42:10 +0000  2017-11-23 05:42:10 +0000 [MT] /usr/bin/xattr exited with 0
2017-11-23 05:42:10 +0000  

2017-11-23 05:42:10 +0000  2017-11-23 05:42:10 +0000  

2017-11-23 05:42:10 +0000 [MT] Processing step: IDEDistributionCodesignStep
2017-11-23 05:42:10 +0000 [MT] Applying entitlements delta for <IDEDistributionItem: 0x7f8d69780fd0 'com.ksyun.mc.KMCVStab' '<DVTFilePath:0x7f8d6976ecc0:'/Users/ivermissdich/Desktop/KSY/KSYShortVideo/demo/archiveDir.xcarchive/Products/Applications/demo.app/Frameworks/KMCVStab.framework'>'> from <IDEiCloudEntitlementsProcessor: 0x7f8d69868810>: {
}
2017-11-23 05:42:10 +0000 [MT] Entitlements for <IDEDistributionItem: 0x7f8d69780fd0 'com.ksyun.mc.KMCVStab' '<DVTFilePath:0x7f8d6976ecc0:'/Users/ivermissdich/Desktop/KSY/KSYShortVideo/demo/archiveDir.xcarchive/Products/Applications/demo.app/Frameworks/KMCVStab.framework'>'>: {
}
2017-11-23 05:42:10 +0000 [MT] Writing entitlements for <IDEDistributionItem: 0x7f8d69780fd0 'com.ksyun.mc.KMCVStab' '<DVTFilePath:0x7f8d6976ecc0:'/Users/ivermissdich/Desktop/KSY/KSYShortVideo/demo/archiveDir.xcarchive/Products/Applications/demo.app/Frameworks/KMCVStab.framework'>'> to: /var/folders/22/2g0vk92j4dd8vdhxcvjn0kd80000gn/T/XcodeDistPipeline.KEF/entitlements063c3p
2017-11-23 05:42:10 +0000 [MT] Running /usr/bin/codesign '-vvv' '--force' '--sign' 'D29654D545000DD11451E9641D2AFDBF77D8BE9D' '--preserve-metadata=identifier,flags' '--entitlements' '/var/folders/22/2g0vk92j4dd8vdhxcvjn0kd80000gn/T/XcodeDistPipeline.KEF/entitlements063c3p' '/var/folders/22/2g0vk92j4dd8vdhxcvjn0kd80000gn/T/XcodeDistPipeline.KEF/Root/Payload/demo.app/Frameworks/KMCVStab.framework'
2017-11-23 05:42:10 +0000  /var/folders/22/2g0vk92j4dd8vdhxcvjn0kd80000gn/T/XcodeDistPipeline.KEF/Root/Payload/demo.app/Frameworks/KMCVStab.framework: signed bundle with Mach-O universal (armv7 arm64) [com.ksyun.mc.KMCVStab]
2017-11-23 05:42:10 +0000  2017-11-23 05:42:10 +0000  

2017-11-23 05:42:10 +0000  
2017-11-23 05:42:10 +0000  
2017-11-23 05:42:10 +0000  
2017-11-23 05:42:10 +0000  
2017-11-23 05:42:10 +0000  
2017-11-23 05:42:10 +0000  
2017-11-23 05:42:10 +0000  
2017-11-23 05:42:10 +0000  
2017-11-23 05:42:10 +0000  
2017-11-23 05:42:10 +0000  
2017-11-23 05:42:10 +0000  
2017-11-23 05:42:10 +0000  
2017-11-23 05:42:10 +0000  
2017-11-23 05:42:10 +0000  
2017-11-23 05:42:10 +0000  
2017-11-23 05:42:10 +0000  
2017-11-23 05:42:10 +0000  
2017-11-23 05:42:10 +0000  
2017-11-23 05:42:10 +0000  2017-11-23 05:42:10 +0000 [MT] /usr/bin/codesign exited with 0

2017-11-23 05:42:10 +0000  2017-11-23 05:42:10 +0000  

2017-11-23 05:42:10 +0000 [MT] Applying entitlements delta for <IDEDistributionItem: 0x7f8d696c51c0 'com.ksyun.shortvideo.demo' '<DVTFilePath:0x7f8d6971c6c0:'/Users/ivermissdich/Desktop/KSY/KSYShortVideo/demo/archiveDir.xcarchive/Products/Applications/demo.app'>'> from <IDEiCloudEntitlementsProcessor: 0x7f8d69888800>: {
}
2017-11-23 05:42:10 +0000 [MT] Entitlements for <IDEDistributionItem: 0x7f8d696c51c0 'com.ksyun.shortvideo.demo' '<DVTFilePath:0x7f8d6971c6c0:'/Users/ivermissdich/Desktop/KSY/KSYShortVideo/demo/archiveDir.xcarchive/Products/Applications/demo.app'>'>: {
    "application-identifier" = "36PUU93BJ2.com.ksyun.shortvideo.demo";
    "com.apple.developer.team-identifier" = 36PUU93BJ2;
    "get-task-allow" = 0;
    "keychain-access-groups" =     (
        "36PUU93BJ2.com.ksyun.shortvideo.demo"
    );
}
2017-11-23 05:42:10 +0000 [MT] Writing entitlements for <IDEDistributionItem: 0x7f8d696c51c0 'com.ksyun.shortvideo.demo' '<DVTFilePath:0x7f8d6971c6c0:'/Users/ivermissdich/Desktop/KSY/KSYShortVideo/demo/archiveDir.xcarchive/Products/Applications/demo.app'>'> to: /var/folders/22/2g0vk92j4dd8vdhxcvjn0kd80000gn/T/XcodeDistPipeline.KEF/entitlementsBZmUP7
2017-11-23 05:42:10 +0000 [MT] Running /usr/bin/codesign '-vvv' '--force' '--sign' 'D29654D545000DD11451E9641D2AFDBF77D8BE9D' '--preserve-metadata=identifier,flags' '--entitlements' '/var/folders/22/2g0vk92j4dd8vdhxcvjn0kd80000gn/T/XcodeDistPipeline.KEF/entitlementsBZmUP7' '/var/folders/22/2g0vk92j4dd8vdhxcvjn0kd80000gn/T/XcodeDistPipeline.KEF/Root/Payload/demo.app'
2017-11-23 05:42:10 +0000  /var/folders/22/2g0vk92j4dd8vdhxcvjn0kd80000gn/T/XcodeDistPipeline.KEF/Root/Payload/demo.app: replacing existing signature
2017-11-23 05:42:11 +0000  /var/folders/22/2g0vk92j4dd8vdhxcvjn0kd80000gn/T/XcodeDistPipeline.KEF/Root/Payload/demo.app: signed app bundle with Mach-O universal (armv7 arm64) [com.ksyun.shortvideo.demo]
2017-11-23 05:42:11 +0000  2017-11-23 05:42:11 +0000  

2017-11-23 05:42:11 +0000  
2017-11-23 05:42:11 +0000  
2017-11-23 05:42:11 +0000  
2017-11-23 05:42:11 +0000  
2017-11-23 05:42:11 +0000  
2017-11-23 05:42:11 +0000  
2017-11-23 05:42:11 +0000  
2017-11-23 05:42:11 +0000  
2017-11-23 05:42:11 +0000  2017-11-23 05:42:11 +0000  

2017-11-23 05:42:11 +0000  
2017-11-23 05:42:11 +0000  
2017-11-23 05:42:11 +0000  
2017-11-23 05:42:11 +0000  
2017-11-23 05:42:11 +0000  2017-11-23 05:42:11 +0000  

2017-11-23 05:42:11 +0000  
2017-11-23 05:42:11 +0000 [MT] /usr/bin/codesign exited with 02017-11-23 05:42:11 +0000  
2017-11-23 05:42:11 +0000  2017-11-23 05:42:11 +0000  


2017-11-23 05:42:11 +0000  
2017-11-23 05:42:11 +0000 [MT] Processing step: IDEDistributionStreamingZipItemStep
2017-11-23 05:42:11 +0000 [MT] Skipping step: IDEDistributionStreamingZipItemStep because it said so
2017-11-23 05:42:11 +0000 [MT] Skipping step: IDEDistributionStreamingZipItemStep because it said so
2017-11-23 05:42:11 +0000 [MT] Processing step: IDEDistributionCreateIPAStep
2017-11-23 05:42:11 +0000 [MT] Running /usr/bin/ditto '-V' '-c' '-k' '--norsrc' '/var/folders/22/2g0vk92j4dd8vdhxcvjn0kd80000gn/T/XcodeDistPipeline.KEF/Root' '/var/folders/22/2g0vk92j4dd8vdhxcvjn0kd80000gn/T/XcodeDistPipeline.KEF/Packages/demo.ipa'
2017-11-23 05:42:11 +0000  >>> Copying /var/folders/22/2g0vk92j4dd8vdhxcvjn0kd80000gn/T/XcodeDistPipeline.KEF/Root 
2017-11-23 05:42:11 +0000  copying file ./Payload/demo.app/_CodeSignature/CodeResources ... 
2017-11-23 05:42:11 +0000  54986 bytes for ./Payload/demo.app/_CodeSignature/CodeResources
2017-11-23 05:42:11 +0000  copying file ./Payload/demo.app/demo ... 
2017-11-23 05:42:12 +0000  26190624 bytes for ./Payload/demo.app/demo
copying file ./Payload/demo.app/OutputConfigCell.nib ... 
2017-11-23 05:42:12 +0000  4741 bytes for ./Payload/demo.app/OutputConfigCell.nib
copying file ./Payload/demo.app/dynamic_image1.gif ... 
2017-11-23 05:42:12 +0000  137754 bytes for ./Payload/demo.app/dynamic_image1.gif
2017-11-23 05:42:12 +0000  copying file ./Payload/demo.app/CTAssetsPickerController.bundle/de.lproj/CTAssetsPicker.strings ... 
2017-11-23 05:42:12 +0000  1718 bytes for ./Payload/demo.app/CTAssetsPickerController.bundle/de.lproj/CTAssetsPicker.strings
copying file ./Payload/demo.app/CTAssetsPickerController.bundle/he.lproj/CTAssetsPicker.strings ... 
2017-11-23 05:42:12 +0000  1979 bytes for ./Payload/demo.app/CTAssetsPickerController.bundle/he.lproj/CTAssetsPicker.strings
copying file ./Payload/demo.app/CTAssetsPickerController.bundle/ar.lproj/CTAssetsPicker.strings ... 
2017-11-23 05:42:12 +0000  1935 bytes for ./Payload/demo.app/CTAssetsPickerController.bundle/ar.lproj/CTAssetsPicker.strings
2017-11-23 05:42:12 +0000  copying file ./Payload/demo.app/CTAssetsPickerController.bundle/zh-Hans.lproj/CTAssetsPicker.strings ... 
2017-11-23 05:42:12 +0000  1650 bytes for ./Payload/demo.app/CTAssetsPickerController.bundle/zh-Hans.lproj/CTAssetsPicker.strings
copying file ./Payload/demo.app/CTAssetsPickerController.bundle/ja.lproj/CTAssetsPicker.strings ... 
2017-11-23 05:42:12 +0000  2002 bytes for ./Payload/demo.app/CTAssetsPickerController.bundle/ja.lproj/CTAssetsPicker.strings
copying file ./Payload/demo.app/CTAssetsPickerController.bundle/en.lproj/CTAssetsPicker.strings ... 
2017-11-23 05:42:12 +0000  1621 bytes for ./Payload/demo.app/CTAssetsPickerController.bundle/en.lproj/CTAssetsPicker.strings
2017-11-23 05:42:12 +0000  copying file ./Payload/demo.app/CTAssetsPickerController.bundle/es.lproj/CTAssetsPicker.strings ... 
2017-11-23 05:42:12 +0000  1692 bytes for ./Payload/demo.app/CTAssetsPickerController.bundle/es.lproj/CTAssetsPicker.strings
2017-11-23 05:42:12 +0000  copying file ./Payload/demo.app/CTAssetsPickerController.bundle/da.lproj/CTAssetsPicker.strings ... 
2017-11-23 05:42:12 +0000  1661 bytes for ./Payload/demo.app/CTAssetsPickerController.bundle/da.lproj/CTAssetsPicker.strings
2017-11-23 05:42:12 +0000  copying file ./Payload/demo.app/CTAssetsPickerController.bundle/it.lproj/CTAssetsPicker.strings ... 
2017-11-23 05:42:12 +0000  1653 bytes for ./Payload/demo.app/CTAssetsPickerController.bundle/it.lproj/CTAssetsPicker.strings
2017-11-23 05:42:12 +0000  copying file ./Payload/demo.app/CTAssetsPickerController.bundle/sv.lproj/CTAssetsPicker.strings ... 
2017-11-23 05:42:12 +0000  1637 bytes for ./Payload/demo.app/CTAssetsPickerController.bundle/sv.lproj/CTAssetsPicker.strings
2017-11-23 05:42:12 +0000  copying file ./Payload/demo.app/CTAssetsPickerController.bundle/ko.lproj/CTAssetsPicker.strings ... 
2017-11-23 05:42:12 +0000  1806 bytes for ./Payload/demo.app/CTAssetsPickerController.bundle/ko.lproj/CTAssetsPicker.strings
2017-11-23 05:42:12 +0000  copying file ./Payload/demo.app/CTAssetsPickerController.bundle/zh-Hant.lproj/CTAssetsPicker.strings ... 
2017-11-23 05:42:12 +0000  1623 bytes for ./Payload/demo.app/CTAssetsPickerController.bundle/zh-Hant.lproj/CTAssetsPicker.strings
2017-11-23 05:42:12 +0000  copying file ./Payload/demo.app/CTAssetsPickerController.bundle/hu.lproj/CTAssetsPicker.strings ... 
2017-11-23 05:42:12 +0000  1693 bytes for ./Payload/demo.app/CTAssetsPickerController.bundle/hu.lproj/CTAssetsPicker.strings
2017-11-23 05:42:12 +0000  copying file ./Payload/demo.app/CTAssetsPickerController.bundle/hi-IN.lproj/CTAssetsPicker.strings ... 
2017-11-23 05:42:12 +0000  2398 bytes for ./Payload/demo.app/CTAssetsPickerController.bundle/hi-IN.lproj/CTAssetsPicker.strings
2017-11-23 05:42:12 +0000  copying file ./Payload/demo.app/CTAssetsPickerController.bundle/nl-NL.lproj/CTAssetsPicker.strings ... 
2017-11-23 05:42:12 +0000  1697 bytes for ./Payload/demo.app/CTAssetsPickerController.bundle/nl-NL.lproj/CTAssetsPicker.strings
2017-11-23 05:42:12 +0000  copying file ./Payload/demo.app/CTAssetsPickerController.bundle/es-MX.lproj/CTAssetsPicker.strings ... 
2017-11-23 05:42:12 +0000  1618 bytes for ./Payload/demo.app/CTAssetsPickerController.bundle/es-MX.lproj/CTAssetsPicker.strings
2017-11-23 05:42:12 +0000  copying file ./Payload/demo.app/CTAssetsPickerController.bundle/ru.lproj/CTAssetsPicker.strings ... 
2017-11-23 05:42:12 +0000  2185 bytes for ./Payload/demo.app/CTAssetsPickerController.bundle/ru.lproj/CTAssetsPicker.strings
2017-11-23 05:42:12 +0000  copying file ./Payload/demo.app/CTAssetsPickerController.bundle/fr.lproj/CTAssetsPicker.strings ... 
2017-11-23 05:42:12 +0000  1779 bytes for ./Payload/demo.app/CTAssetsPickerController.bundle/fr.lproj/CTAssetsPicker.strings
2017-11-23 05:42:12 +0000  copying file ./Payload/demo.app/CTAssetsPickerController.bundle/fi.lproj/CTAssetsPicker.strings ... 
2017-11-23 05:42:12 +0000  1620 bytes for ./Payload/demo.app/CTAssetsPickerController.bundle/fi.lproj/CTAssetsPicker.strings
2017-11-23 05:42:12 +0000  copying file ./Payload/demo.app/CTAssetsPickerController.bundle/id.lproj/CTAssetsPicker.strings ... 
2017-11-23 05:42:12 +0000  1634 bytes for ./Payload/demo.app/CTAssetsPickerController.bundle/id.lproj/CTAssetsPicker.strings
2017-11-23 05:42:12 +0000  copying file ./Payload/demo.app/CTAssetsPickerController.bundle/nl.lproj/CTAssetsPicker.strings ... 
2017-11-23 05:42:12 +0000  1697 bytes for ./Payload/demo.app/CTAssetsPickerController.bundle/nl.lproj/CTAssetsPicker.strings
copying file ./Payload/demo.app/CTAssetsPickerController.bundle/pt.lproj/CTAssetsPicker.strings ... 
2017-11-23 05:42:12 +0000  1694 bytes for ./Payload/demo.app/CTAssetsPickerController.bundle/pt.lproj/CTAssetsPicker.strings
copying file ./Payload/demo.app/CTAssetsPickerController.bundle/pt-PT.lproj/CTAssetsPicker.strings ... 
2017-11-23 05:42:12 +0000  1667 bytes for ./Payload/demo.app/CTAssetsPickerController.bundle/pt-PT.lproj/CTAssetsPicker.strings
2017-11-23 05:42:12 +0000  copying file ./Payload/demo.app/CTAssetsPickerController.bundle/Info.plist ... 
744 bytes for ./Payload/demo.app/CTAssetsPickerController.bundle/Info.plist
2017-11-23 05:42:12 +0000  copying file ./Payload/demo.app/lookup_soft_elegance_2.png ... 
2017-11-23 05:42:12 +0000  2199 bytes for ./Payload/demo.app/lookup_soft_elegance_2.png
copying file ./Payload/demo.app/AppIcon20x20@2x.png ... 
2017-11-23 05:42:12 +0000  1588 bytes for ./Payload/demo.app/AppIcon20x20@2x.png
copying file ./Payload/demo.app/ScreeRotateViewController.nib ... 
2017-11-23 05:42:12 +0000  2649 bytes for ./Payload/demo.app/ScreeRotateViewController.nib
2017-11-23 05:42:12 +0000  copying file ./Payload/demo.app/dynamic_image2.gif ... 
2017-11-23 05:42:12 +0000  144478 bytes for ./Payload/demo.app/dynamic_image2.gif
2017-11-23 05:42:12 +0000  copying file ./Payload/demo.app/KSYRecordViewController.nib ... 
2017-11-23 05:42:12 +0000  12321 bytes for ./Payload/demo.app/KSYRecordViewController.nib
copying file ./Payload/demo.app/lookup_soft_elegance_1.png ... 
2017-11-23 05:42:12 +0000  129208 bytes for ./Payload/demo.app/lookup_soft_elegance_1.png
copying file ./Payload/demo.app/dynamic_image3.gif ... 
2017-11-23 05:42:12 +0000  32944 bytes for ./Payload/demo.app/dynamic_image3.gif
copying file ./Payload/demo.app/AppIcon57x57.png ... 
2017-11-23 05:42:12 +0000  1559 bytes for ./Payload/demo.app/AppIcon57x57.png
copying file ./Payload/demo.app/KSYFilterCell.nib ... 
2017-11-23 05:42:12 +0000  1698 bytes for ./Payload/demo.app/KSYFilterCell.nib
2017-11-23 05:42:12 +0000  copying file ./Payload/demo.app/KSYEditAnimateImageCell.nib ... 
2017-11-23 05:42:12 +0000  1682 bytes for ./Payload/demo.app/KSYEditAnimateImageCell.nib
2017-11-23 05:42:12 +0000  copying file ./Payload/demo.app/KSYEditWatermarkCell.nib ... 
2017-11-23 05:42:12 +0000  2153 bytes for ./Payload/demo.app/KSYEditWatermarkCell.nib
2017-11-23 05:42:12 +0000  copying file ./Payload/demo.app/AppIcon20x20@3x.png ... 
2017-11-23 05:42:12 +0000  1699 bytes for ./Payload/demo.app/AppIcon20x20@3x.png
copying file ./Payload/demo.app/KSYBeautyFilterCell.nib ... 
2017-11-23 05:42:12 +0000  1784 bytes for ./Payload/demo.app/KSYBeautyFilterCell.nib
2017-11-23 05:42:12 +0000  copying file ./Payload/demo.app/KSYEditMVCell.nib ... 
2017-11-23 05:42:12 +0000  2301 bytes for ./Payload/demo.app/KSYEditMVCell.nib
copying file ./Payload/demo.app/KSYEditBGMCell.nib ... 
2017-11-23 05:42:12 +0000  3959 bytes for ./Payload/demo.app/KSYEditBGMCell.nib
copying file ./Payload/demo.app/LICENSE ... 
2017-11-23 05:42:12 +0000  1076 bytes for ./Payload/demo.app/LICENSE
copying file ./Payload/demo.app/dynamic_image4.gif ... 
2017-11-23 05:42:12 +0000  31702 bytes for ./Payload/demo.app/dynamic_image4.gif
copying file ./Payload/demo.app/KSYEditViewController.nib ... 
2017-11-23 05:42:12 +0000  4262 bytes for ./Payload/demo.app/KSYEditViewController.nib
copying file ./Payload/demo.app/AppIcon29x29.png ... 
2017-11-23 05:42:12 +0000  1190 bytes for ./Payload/demo.app/AppIcon29x29.png
2017-11-23 05:42:12 +0000  copying file ./Payload/demo.app/lookup.png ... 
2017-11-23 05:42:12 +0000  2095 bytes for ./Payload/demo.app/lookup.png
copying file ./Payload/demo.app/dynamic_image5.gif ... 
2017-11-23 05:42:12 +0000  66792 bytes for ./Payload/demo.app/dynamic_image5.gif
copying file ./Payload/demo.app/Immortals_out.mp3 ... 
2017-11-23 05:42:12 +0000  3642216 bytes for ./Payload/demo.app/Immortals_out.mp3
copying file ./Payload/demo.app/action3.3.0.model ... 
2017-11-23 05:42:12 +0000  4208656 bytes for ./Payload/demo.app/action3.3.0.model
copying file ./Payload/demo.app/dynamic_image8.png ... 
2017-11-23 05:42:12 +0000  121416 bytes for ./Payload/demo.app/dynamic_image8.png
copying file ./Payload/demo.app/AppIcon60x60@2x.png ... 
2017-11-23 05:42:12 +0000  3469 bytes for ./Payload/demo.app/AppIcon60x60@2x.png
copying file ./Payload/demo.app/dynamic_image9.png ... 
2017-11-23 05:42:12 +0000  113139 bytes for ./Payload/demo.app/dynamic_image9.png
copying file ./Payload/demo.app/mv-101.zip ... 
2017-11-23 05:42:12 +0000  541150 bytes for ./Payload/demo.app/mv-101.zip
copying file ./Payload/demo.app/KSYInputCfgCell.nib ... 
2017-11-23 05:42:12 +0000  4852 bytes for ./Payload/demo.app/KSYInputCfgCell.nib
copying file ./Payload/demo.app/KSYEditTimesCell.nib ... 
2017-11-23 05:42:12 +0000  2322 bytes for ./Payload/demo.app/KSYEditTimesCell.nib
2017-11-23 05:42:12 +0000  copying file ./Payload/demo.app/AppIcon72x72@2x~ipad.png ... 
2017-11-23 05:42:12 +0000  4063 bytes for ./Payload/demo.app/AppIcon72x72@2x~ipad.png
copying file ./Payload/demo.app/KSYRecordVoiceChangeCell.nib ... 
2017-11-23 05:42:12 +0000  1826 bytes for ./Payload/demo.app/KSYRecordVoiceChangeCell.nib
copying file ./Payload/demo.app/AppIcon29x29@2x.png ... 
2017-11-23 05:42:12 +0000  1736 bytes for ./Payload/demo.app/AppIcon29x29@2x.png
2017-11-23 05:42:12 +0000  copying file ./Payload/demo.app/KSYEditStickerCollectionViewCell.nib ... 
2017-11-23 05:42:12 +0000  1473 bytes for ./Payload/demo.app/KSYEditStickerCollectionViewCell.nib
copying file ./Payload/demo.app/lookup_amatorka.png ... 
2017-11-23 05:42:12 +0000  36390 bytes for ./Payload/demo.app/lookup_amatorka.png
2017-11-23 05:42:12 +0000  copying file ./Payload/demo.app/mv-103.zip ... 
2017-11-23 05:42:12 +0000  263483 bytes for ./Payload/demo.app/mv-103.zip
copying file ./Payload/demo.app/Hotel_California_out2.mp3 ... 
2017-11-23 05:42:13 +0000  3641183 bytes for ./Payload/demo.app/Hotel_California_out2.mp3
copying file ./Payload/demo.app/AppIcon40x40@3x.png ... 
2017-11-23 05:42:13 +0000  3469 bytes for ./Payload/demo.app/AppIcon40x40@3x.png
copying file ./Payload/demo.app/mv-102.zip ... 
2017-11-23 05:42:13 +0000  259330 bytes for ./Payload/demo.app/mv-102.zip
copying file ./Payload/demo.app/AppIcon57x57@2x.png ... 
2017-11-23 05:42:13 +0000  3669 bytes for ./Payload/demo.app/AppIcon57x57@2x.png
2017-11-23 05:42:13 +0000  copying file ./Payload/demo.app/TZImagePickerController.bundle/takePicture@2x.png ... 
2017-11-23 05:42:13 +0000  5924 bytes for ./Payload/demo.app/TZImagePickerController.bundle/takePicture@2x.png
2017-11-23 05:42:13 +0000  copying file ./Payload/demo.app/TZImagePickerController.bundle/zh-Hans.lproj/Localizable.strings ... 
1902 bytes for ./Payload/demo.app/TZImagePickerController.bundle/zh-Hans.lproj/Localizable.strings
2017-11-23 05:42:13 +0000  copying file ./Payload/demo.app/TZImagePickerController.bundle/photo_sel_photoPickerVc@2x.png ... 
1006 bytes for ./Payload/demo.app/TZImagePickerController.bundle/photo_sel_photoPickerVc@2x.png
2017-11-23 05:42:13 +0000  copying file ./Payload/demo.app/TZImagePickerController.bundle/en.lproj/Localizable.strings ... 
2017-11-23 05:42:13 +0000  2594 bytes for ./Payload/demo.app/TZImagePickerController.bundle/en.lproj/Localizable.strings
copying file ./Payload/demo.app/TZImagePickerController.bundle/MMVideoPreviewPlayHL@2x.png ... 
2017-11-23 05:42:13 +0000  3645 bytes for ./Payload/demo.app/TZImagePickerController.bundle/MMVideoPreviewPlayHL@2x.png
2017-11-23 05:42:13 +0000  copying file ./Payload/demo.app/TZImagePickerController.bundle/photo_sel_previewVc@2x.png ... 
2017-11-23 05:42:13 +0000  1183 bytes for ./Payload/demo.app/TZImagePickerController.bundle/photo_sel_previewVc@2x.png
copying file ./Payload/demo.app/TZImagePickerController.bundle/MMVideoPreviewPlay@2x.png ... 
2017-11-23 05:42:13 +0000  3645 bytes for ./Payload/demo.app/TZImagePickerController.bundle/MMVideoPreviewPlay@2x.png
2017-11-23 05:42:13 +0000  copying file ./Payload/demo.app/TZImagePickerController.bundle/preview_original_def@2x.png ... 
392 bytes for ./Payload/demo.app/TZImagePickerController.bundle/preview_original_def@2x.png
2017-11-23 05:42:13 +0000  copying file ./Payload/demo.app/TZImagePickerController.bundle/photo_def_previewVc@2x.png ... 
1155 bytes for ./Payload/demo.app/TZImagePickerController.bundle/photo_def_previewVc@2x.png
copying file ./Payload/demo.app/TZImagePickerController.bundle/photo_original_sel@2x.png ... 
2017-11-23 05:42:13 +0000  620 bytes for ./Payload/demo.app/TZImagePickerController.bundle/photo_original_sel@2x.png
copying file ./Payload/demo.app/TZImagePickerController.bundle/photo_def_photoPickerVc@2x.png ... 
2017-11-23 05:42:13 +0000  1155 bytes for ./Payload/demo.app/TZImagePickerController.bundle/photo_def_photoPickerVc@2x.png
2017-11-23 05:42:13 +0000  copying file ./Payload/demo.app/TZImagePickerController.bundle/preview_number_icon@2x.png ... 
501 bytes for ./Payload/demo.app/TZImagePickerController.bundle/preview_number_icon@2x.png
2017-11-23 05:42:13 +0000  copying file ./Payload/demo.app/TZImagePickerController.bundle/navi_back@2x.png ... 
2017-11-23 05:42:13 +0000  116 bytes for ./Payload/demo.app/TZImagePickerController.bundle/navi_back@2x.png
copying file ./Payload/demo.app/TZImagePickerController.bundle/photo_original_def@2x.png ... 
2017-11-23 05:42:13 +0000  1602 bytes for ./Payload/demo.app/TZImagePickerController.bundle/photo_original_def@2x.png
copying file ./Payload/demo.app/TZImagePickerController.bundle/Root.plist ... 
2017-11-23 05:42:13 +0000  1456 bytes for ./Payload/demo.app/TZImagePickerController.bundle/Root.plist
copying file ./Payload/demo.app/TZImagePickerController.bundle/photo_number_icon@2x.png ... 
2017-11-23 05:42:13 +0000  501 bytes for ./Payload/demo.app/TZImagePickerController.bundle/photo_number_icon@2x.png
copying file ./Payload/demo.app/TZImagePickerController.bundle/VideoSendIcon@2x.png ... 
2017-11-23 05:42:13 +0000  223 bytes for ./Payload/demo.app/TZImagePickerController.bundle/VideoSendIcon@2x.png
copying file ./Payload/demo.app/AppIcon29x29~ipad.png ... 
2017-11-23 05:42:13 +0000  1190 bytes for ./Payload/demo.app/AppIcon29x29~ipad.png
copying file ./Payload/demo.app/AppIcon40x40@2x.png ... 
2017-11-23 05:42:13 +0000  2232 bytes for ./Payload/demo.app/AppIcon40x40@2x.png
2017-11-23 05:42:13 +0000  copying file ./Payload/demo.app/KSYTransTagCell.nib ... 
1295 bytes for ./Payload/demo.app/KSYTransTagCell.nib
2017-11-23 05:42:13 +0000  copying file ./Payload/demo.app/KSYEditVideoTrimCell.nib ... 
2017-11-23 05:42:13 +0000  4193 bytes for ./Payload/demo.app/KSYEditVideoTrimCell.nib
2017-11-23 05:42:13 +0000  copying file ./Payload/demo.app/KSYInputCfgViewController.nib/objects-11.0+.nib ... 
2017-11-23 05:42:13 +0000  2883 bytes for ./Payload/demo.app/KSYInputCfgViewController.nib/objects-11.0+.nib
copying file ./Payload/demo.app/KSYInputCfgViewController.nib/runtime.nib ... 
2017-11-23 05:42:13 +0000  3012 bytes for ./Payload/demo.app/KSYInputCfgViewController.nib/runtime.nib
2017-11-23 05:42:13 +0000  copying file ./Payload/demo.app/AppIcon29x29@3x.png ... 
2017-11-23 05:42:13 +0000  2600 bytes for ./Payload/demo.app/AppIcon29x29@3x.png
copying file ./Payload/demo.app/AppIcon60x60@3x.png ... 
2017-11-23 05:42:13 +0000  6023 bytes for ./Payload/demo.app/AppIcon60x60@3x.png
copying file ./Payload/demo.app/KSYDynamicEffectCell.nib ... 
2017-11-23 05:42:13 +0000  1163 bytes for ./Payload/demo.app/KSYDynamicEffectCell.nib
2017-11-23 05:42:13 +0000  copying file ./Payload/demo.app/Base.lproj/Main.storyboardc/UINavigationController-M7D-sG-mza.nib ... 
2017-11-23 05:42:13 +0000  1690 bytes for ./Payload/demo.app/Base.lproj/Main.storyboardc/UINavigationController-M7D-sG-mza.nib
2017-11-23 05:42:13 +0000  copying file ./Payload/demo.app/Base.lproj/Main.storyboardc/BYZ-38-t0r-view-8bC-Xf-vdC.nib ... 
2017-11-23 05:42:13 +0000  6799 bytes for ./Payload/demo.app/Base.lproj/Main.storyboardc/BYZ-38-t0r-view-8bC-Xf-vdC.nib
copying file ./Payload/demo.app/Base.lproj/Main.storyboardc/Info.plist ... 
2017-11-23 05:42:13 +0000  276 bytes for ./Payload/demo.app/Base.lproj/Main.storyboardc/Info.plist
2017-11-23 05:42:13 +0000  copying file ./Payload/demo.app/Base.lproj/LaunchScreen.storyboardc/01J-lp-oVM-view-Ze5-6b-2t3.nib ... 
2017-11-23 05:42:13 +0000  2254 bytes for ./Payload/demo.app/Base.lproj/LaunchScreen.storyboardc/01J-lp-oVM-view-Ze5-6b-2t3.nib
copying file ./Payload/demo.app/Base.lproj/LaunchScreen.storyboardc/UIViewController-01J-lp-oVM.nib ... 
2017-11-23 05:42:13 +0000  832 bytes for ./Payload/demo.app/Base.lproj/LaunchScreen.storyboardc/UIViewController-01J-lp-oVM.nib
copying file ./Payload/demo.app/Base.lproj/LaunchScreen.storyboardc/Info.plist ... 
2017-11-23 05:42:13 +0000  258 bytes for ./Payload/demo.app/Base.lproj/LaunchScreen.storyboardc/Info.plist
copying file ./Payload/demo.app/KSYEditSubtitleCell.nib ... 
2017-11-23 05:42:13 +0000  1843 bytes for ./Payload/demo.app/KSYEditSubtitleCell.nib
copying file ./Payload/demo.app/KSYTransitionsCell.nib ... 
2017-11-23 05:42:13 +0000  1488 bytes for ./Payload/demo.app/KSYTransitionsCell.nib
copying file ./Payload/demo.app/archived-expanded-entitlements.xcent ... 
2017-11-23 05:42:13 +0000  388 bytes for ./Payload/demo.app/archived-expanded-entitlements.xcent
copying file ./Payload/demo.app/README.md ... 
2017-11-23 05:42:13 +0000  5732 bytes for ./Payload/demo.app/README.md
copying file ./Payload/demo.app/KSYPublishViewController.nib ... 
2017-11-23 05:42:13 +0000  2480 bytes for ./Payload/demo.app/KSYPublishViewController.nib
copying file ./Payload/demo.app/KSYCfgViewController.nib ... 
2017-11-23 05:42:13 +0000  3745 bytes for ./Payload/demo.app/KSYCfgViewController.nib
copying file ./Payload/demo.app/KSYFilterCollectionViewCell.nib ... 
2017-11-23 05:42:13 +0000  2371 bytes for ./Payload/demo.app/KSYFilterCollectionViewCell.nib
2017-11-23 05:42:13 +0000  copying file ./Payload/demo.app/Assets.car ... 
2017-11-23 05:42:13 +0000  8589096 bytes for ./Payload/demo.app/Assets.car
copying file ./Payload/demo.app/AppIcon40x40@2x~ipad.png ... 
2017-11-23 05:42:13 +0000  2232 bytes for ./Payload/demo.app/AppIcon40x40@2x~ipad.png
copying file ./Payload/demo.app/KSYPlayViewController.nib ... 
2017-11-23 05:42:13 +0000  1775 bytes for ./Payload/demo.app/KSYPlayViewController.nib
2017-11-23 05:42:13 +0000  copying file ./Payload/demo.app/KSYRecordReverbCell.nib ... 
2017-11-23 05:42:13 +0000  1841 bytes for ./Payload/demo.app/KSYRecordReverbCell.nib
copying file ./Payload/demo.app/AppIcon76x76@2x~ipad.png ... 
2017-11-23 05:42:13 +0000  4565 bytes for ./Payload/demo.app/AppIcon76x76@2x~ipad.png
2017-11-23 05:42:13 +0000  copying file ./Payload/demo.app/KSYPreEditViewController.nib ... 
2017-11-23 05:42:13 +0000  3061 bytes for ./Payload/demo.app/KSYPreEditViewController.nib
copying file ./Payload/demo.app/AppIcon72x72~ipad.png ... 
2017-11-23 05:42:13 +0000  2120 bytes for ./Payload/demo.app/AppIcon72x72~ipad.png
copying file ./Payload/demo.app/dynamic_image7.png ... 
2017-11-23 05:42:13 +0000  164319 bytes for ./Payload/demo.app/dynamic_image7.png
copying file ./Payload/demo.app/dynamic_image6.png ... 
2017-11-23 05:42:13 +0000  20383 bytes for ./Payload/demo.app/dynamic_image6.png
copying file ./Payload/demo.app/AppIcon83.5x83.5@2x~ipad.png ... 
2017-11-23 05:42:13 +0000  6259 bytes for ./Payload/demo.app/AppIcon83.5x83.5@2x~ipad.png
copying file ./Payload/demo.app/KSYEditStickerCell.nib ... 
2017-11-23 05:42:13 +0000  1779 bytes for ./Payload/demo.app/KSYEditStickerCell.nib
copying file ./Payload/demo.app/dynamic_image10.png ... 
2017-11-23 05:42:13 +0000  68128 bytes for ./Payload/demo.app/dynamic_image10.png
copying file ./Payload/demo.app/ReLogViewController.nib ... 
2017-11-23 05:42:13 +0000  949 bytes for ./Payload/demo.app/ReLogViewController.nib
copying file ./Payload/demo.app/KSYRecordAECommonCell.nib ... 
2017-11-23 05:42:13 +0000  2342 bytes for ./Payload/demo.app/KSYRecordAECommonCell.nib
2017-11-23 05:42:13 +0000  copying file ./Payload/demo.app/AppIcon29x29@2x~ipad.png ... 
2017-11-23 05:42:13 +0000  1736 bytes for ./Payload/demo.app/AppIcon29x29@2x~ipad.png
copying file ./Payload/demo.app/AppIcon50x50@2x~ipad.png ... 
2017-11-23 05:42:13 +0000  2911 bytes for ./Payload/demo.app/AppIcon50x50@2x~ipad.png
copying file ./Payload/demo.app/AppIcon40x40~ipad.png ... 
2017-11-23 05:42:13 +0000  1588 bytes for ./Payload/demo.app/AppIcon40x40~ipad.png
copying file ./Payload/demo.app/KSYGPUResource.bundle/1_xiaoqingxin.png ... 
2017-11-23 05:42:13 +0000  182060 bytes for ./Payload/demo.app/KSYGPUResource.bundle/1_xiaoqingxin.png
2017-11-23 05:42:13 +0000  copying file ./Payload/demo.app/KSYGPUResource.bundle/11_hongrun.png ... 
2017-11-23 05:42:13 +0000  115071 bytes for ./Payload/demo.app/KSYGPUResource.bundle/11_hongrun.png
2017-11-23 05:42:13 +0000  copying file ./Payload/demo.app/KSYGPUResource.bundle/6_laozhaop.png ... 
2017-11-23 05:42:13 +0000  121036 bytes for ./Payload/demo.app/KSYGPUResource.bundle/6_laozhaop.png
copying file ./Payload/demo.app/KSYGPUResource.bundle/13_ziran.png ... 
2017-11-23 05:42:13 +0000  76848 bytes for ./Payload/demo.app/KSYGPUResource.bundle/13_ziran.png
copying file ./Payload/demo.app/KSYGPUResource.bundle/0_meibai.png ... 
2017-11-23 05:42:13 +0000  89995 bytes for ./Payload/demo.app/KSYGPUResource.bundle/0_meibai.png
copying file ./Payload/demo.app/KSYGPUResource.bundle/3_tianmeikeren.png ... 
2017-11-23 05:42:13 +0000  41585 bytes for ./Payload/demo.app/KSYGPUResource.bundle/3_tianmeikeren.png
copying file ./Payload/demo.app/KSYGPUResource.bundle/0_skinColor.png ... 
2017-11-23 05:42:13 +0000  43997 bytes for ./Payload/demo.app/KSYGPUResource.bundle/0_skinColor.png
copying file ./Payload/demo.app/KSYGPUResource.bundle/0_pink.png ... 
2017-11-23 05:42:13 +0000  138725 bytes for ./Payload/demo.app/KSYGPUResource.bundle/0_pink.png
2017-11-23 05:42:13 +0000  copying file ./Payload/demo.app/KSYGPUResource.bundle/10_yangguang_night.png ... 
2017-11-23 05:42:13 +0000  176774 bytes for ./Payload/demo.app/KSYGPUResource.bundle/10_yangguang_night.png
copying file ./Payload/demo.app/KSYGPUResource.bundle/7_yinghua.png ... 
2017-11-23 05:42:13 +0000  217107 bytes for ./Payload/demo.app/KSYGPUResource.bundle/7_yinghua.png
copying file ./Payload/demo.app/KSYGPUResource.bundle/2_liangli.png ... 
2017-11-23 05:42:13 +0000  52403 bytes for ./Payload/demo.app/KSYGPUResource.bundle/2_liangli.png
copying file ./Payload/demo.app/KSYGPUResource.bundle/0_hongrun2.png ... 
2017-11-23 05:42:13 +0000  114981 bytes for ./Payload/demo.app/KSYGPUResource.bundle/0_hongrun2.png
copying file ./Payload/demo.app/KSYGPUResource.bundle/4_huaijiu.png ... 
2017-11-23 05:42:13 +0000  29143 bytes for ./Payload/demo.app/KSYGPUResource.bundle/4_huaijiu.png
copying file ./Payload/demo.app/KSYGPUResource.bundle/12_yangguang.png ... 
2017-11-23 05:42:13 +0000  183876 bytes for ./Payload/demo.app/KSYGPUResource.bundle/12_yangguang.png
copying file ./Payload/demo.app/KSYGPUResource.bundle/8_yinghua_night.png ... 
2017-11-23 05:42:13 +0000  209911 bytes for ./Payload/demo.app/KSYGPUResource.bundle/8_yinghua_night.png
copying file ./Payload/demo.app/KSYGPUResource.bundle/9_hongrun_night.png ... 
2017-11-23 05:42:13 +0000  109608 bytes for ./Payload/demo.app/KSYGPUResource.bundle/9_hongrun_night.png
copying file ./Payload/demo.app/KSYGPUResource.bundle/5_landiao.png ... 
2017-11-23 05:42:13 +0000  180128 bytes for ./Payload/demo.app/KSYGPUResource.bundle/5_landiao.png
2017-11-23 05:42:13 +0000  copying file ./Payload/demo.app/KSYGPUResource.bundle/Info.plist ... 
886 bytes for ./Payload/demo.app/KSYGPUResource.bundle/Info.plist
2017-11-23 05:42:13 +0000  copying file ./Payload/demo.app/Frameworks/KMCVStab.framework/_CodeSignature/CodeResources ... 
2017-11-23 05:42:13 +0000  2202 bytes for ./Payload/demo.app/Frameworks/KMCVStab.framework/_CodeSignature/CodeResources
copying file ./Payload/demo.app/Frameworks/KMCVStab.framework/KMCVStab ... 
2017-11-23 05:42:13 +0000  2016400 bytes for ./Payload/demo.app/Frameworks/KMCVStab.framework/KMCVStab
2017-11-23 05:42:13 +0000  copying file ./Payload/demo.app/Frameworks/KMCVStab.framework/Info.plist ... 
709 bytes for ./Payload/demo.app/Frameworks/KMCVStab.framework/Info.plist
2017-11-23 05:42:13 +0000  copying file ./Payload/demo.app/AppIcon20x20~ipad.png ... 
2017-11-23 05:42:13 +0000  812 bytes for ./Payload/demo.app/AppIcon20x20~ipad.png
copying file ./Payload/demo.app/embedded.mobileprovision ... 
2017-11-23 05:42:13 +0000  7591 bytes for ./Payload/demo.app/embedded.mobileprovision
copying file ./Payload/demo.app/TailLeader.mp4 ... 
2017-11-23 05:42:13 +0000  96272 bytes for ./Payload/demo.app/TailLeader.mp4
copying file ./Payload/demo.app/lookup_miss_etikate.png ... 
2017-11-23 05:42:13 +0000  202596 bytes for ./Payload/demo.app/lookup_miss_etikate.png
copying file ./Payload/demo.app/KSYOutputCfgViewController.nib ... 
2017-11-23 05:42:13 +0000  3103 bytes for ./Payload/demo.app/KSYOutputCfgViewController.nib
copying file ./Payload/demo.app/faded_out.mp3 ... 
2017-11-23 05:42:13 +0000  3641086 bytes for ./Payload/demo.app/faded_out.mp3
2017-11-23 05:42:13 +0000  copying file ./Payload/demo.app/RecordConfigCell.nib ... 
2017-11-23 05:42:13 +0000  4755 bytes for ./Payload/demo.app/RecordConfigCell.nib
copying file ./Payload/demo.app/AppIcon20x20@2x~ipad.png ... 
2017-11-23 05:42:13 +0000  1588 bytes for ./Payload/demo.app/AppIcon20x20@2x~ipad.png
2017-11-23 05:42:13 +0000  copying file ./Payload/demo.app/Info.plist ... 
2017-11-23 05:42:13 +0000  1966 bytes for ./Payload/demo.app/Info.plist
copying file ./Payload/demo.app/PkgInfo ... 
2017-11-23 05:42:13 +0000  8 bytes for ./Payload/demo.app/PkgInfo
copying file ./Payload/demo.app/KSYBgmCell.nib ... 
2017-11-23 05:42:13 +0000  2307 bytes for ./Payload/demo.app/KSYBgmCell.nib
copying file ./Payload/demo.app/AppIcon76x76~ipad.png ... 
2017-11-23 05:42:13 +0000  2220 bytes for ./Payload/demo.app/AppIcon76x76~ipad.png
2017-11-23 05:42:13 +0000  
2017-11-23 05:42:13 +0000  2017-11-23 05:42:13 +0000 [MT] /usr/bin/ditto exited with 0

2017-11-23 05:42:13 +0000  2017-11-23 05:42:13 +0000  

2017-11-23 05:42:13 +0000 [MT] Processing step: IDEDistributionCreateManifestStep
